<?xml version="1.0" encoding="UTF-8"?>
<!-- Generated by org.testng.reporters.JUnitXMLReporter -->
<testsuite hostname="PC201701031452" name="Test" tests="3" failures="0" timestamp="9 Mar 2017 15:23:01 GMT" time="60.564" errors="0">
  <testcase name="login" time="2.47" classname="com.bindo.test_scripts.Test_Total"/>
  <testcase name="order" time="31.355" classname="com.bindo.test_scripts.Test_Total"/>
  <testcase name="register" time="10.666" classname="com.bindo.test_scripts.Test_Total"/>
</testsuite> <!-- Test -->
