<?xml version="1.0" encoding="UTF-8"?>
<!-- Generated by org.testng.reporters.JUnitXMLReporter -->
<testsuite hostname="PC201701031452" name="Test" tests="3" failures="0" timestamp="11 Mar 2017 13:23:45 GMT" time="59.416" errors="0">
  <testcase name="login" time="2.392" classname="com.bindo.test_scripts.Test_Total"/>
  <testcase name="order" time="31.059" classname="com.bindo.test_scripts.Test_Total"/>
  <testcase name="register" time="10.53" classname="com.bindo.test_scripts.Test_Total"/>
</testsuite> <!-- Test -->
