<?xml version="1.0" encoding="UTF-8"?>
<testng-results skipped="0" failed="0" total="2" passed="2">
  <reporter-output>
  </reporter-output>
  <suite name="coolead_project" duration-ms="110664" started-at="2016-08-05T03:01:07Z" finished-at="2016-08-05T03:02:58Z">
    <groups>
    </groups>
    <test name="test_1" duration-ms="110664" started-at="2016-08-05T03:01:07Z" finished-at="2016-08-05T03:02:58Z">
      <class name="com.coolead.test_scripts.Test_AddProject">
        <test-method status="PASS" signature="beforeMethod()[pri:0, instance:com.coolead.test_scripts.Test_AddProject@65e98b1c]" name="beforeMethod" is-config="true" duration-ms="28619" started-at="2016-08-05T11:01:51Z" finished-at="2016-08-05T11:02:20Z">
          <reporter-output>
          </reporter-output>
        </test-method> <!-- beforeMethod -->
        <test-method status="PASS" signature="AddProject()[pri:0, instance:com.coolead.test_scripts.Test_AddProject@65e98b1c]" name="AddProject" duration-ms="33712" started-at="2016-08-05T11:02:20Z" finished-at="2016-08-05T11:02:53Z">
          <reporter-output>
          </reporter-output>
        </test-method> <!-- AddProject -->
        <test-method status="PASS" signature="afterMethod()[pri:0, instance:com.coolead.test_scripts.Test_AddProject@65e98b1c]" name="afterMethod" is-config="true" duration-ms="4268" started-at="2016-08-05T11:02:53Z" finished-at="2016-08-05T11:02:58Z">
          <reporter-output>
          </reporter-output>
        </test-method> <!-- afterMethod -->
      </class> <!-- com.coolead.test_scripts.Test_AddProject -->
      <class name="com.coolead.test_scripts.Test_Login">
        <test-method status="PASS" signature="beforeMethod()[pri:0, instance:com.coolead.test_scripts.Test_Login@1ff4931d]" name="beforeMethod" is-config="true" duration-ms="85" started-at="2016-08-05T11:01:07Z" finished-at="2016-08-05T11:01:07Z">
          <reporter-output>
          </reporter-output>
        </test-method> <!-- beforeMethod -->
        <test-method status="PASS" signature="test_login()[pri:0, instance:com.coolead.test_scripts.Test_Login@1ff4931d]" name="test_login" duration-ms="42898" started-at="2016-08-05T11:01:07Z" finished-at="2016-08-05T11:01:50Z">
          <reporter-output>
          </reporter-output>
        </test-method> <!-- test_login -->
        <test-method status="PASS" signature="afterMethod()[pri:0, instance:com.coolead.test_scripts.Test_Login@1ff4931d]" name="afterMethod" is-config="true" duration-ms="1060" started-at="2016-08-05T11:01:50Z" finished-at="2016-08-05T11:01:51Z">
          <reporter-output>
          </reporter-output>
        </test-method> <!-- afterMethod -->
      </class> <!-- com.coolead.test_scripts.Test_Login -->
    </test> <!-- test_1 -->
  </suite> <!-- coolead_project -->
</testng-results>
