<?xml version="1.0" encoding="UTF-8"?>
<testsuite name="test_1"
           tests="4"
           failures="0"
           errors="0"
           skipped="0"
           time="31.064">
  <properties />
  
  
            <testcase name="Add_Dictionary" time="13.881" classname="com.coolead.test_scripts.Test_Total" />
                <testcase name="Add_Org" time="4.906" classname="com.coolead.test_scripts.Test_Total" />
                <testcase name="Add_Subject" time="5.018" classname="com.coolead.test_scripts.Test_Total" />
                <testcase name="Add_User" time="7.259" classname="com.coolead.test_scripts.Test_Total" />
      
</testsuite>
